<?xml version="1.0" encoding="UTF-8"?>
<!-- Generated by org.testng.reporters.JUnitReportReporter -->
<testsuite hostname="LAPTOP-KQ2GILME" failures="0" tests="1" name="io.automation.Register_User" time="31.576" errors="0" timestamp="2020-09-10T22:27:12 IST" skipped="0">
  <testcase classname="io.automation.Register_User" name="RegisterUser_Mail" time="31.576"/>
  <system-out/>
</testsuite> <!-- io.automation.Register_User -->
