<?xml version="1.0" encoding="UTF-8"?>
<!-- Generated by org.testng.reporters.JUnitReportReporter -->
<testsuite hostname="LAPTOP-KQ2GILME" failures="0" tests="1" name="io.automation.UserLogin" time="30.092" errors="0" timestamp="2020-09-10T22:27:12 IST" skipped="0">
  <testcase classname="io.automation.UserLogin" name="PositiveLoginTest" time="30.092"/>
  <system-out/>
</testsuite> <!-- io.automation.UserLogin -->
