<?xml version="1.0" encoding="UTF-8"?>
<!-- Generated by org.testng.reporters.JUnitReportReporter -->
<testsuite hostname="LAPTOP-KQ2GILME" failures="0" tests="1" name="io.automation.Forget_Password$Forget_Pass" time="54.954" errors="0" timestamp="2020-09-10T22:27:12 IST" skipped="0">
  <testcase classname="io.automation.Forget_Password$Forget_Pass" name="ForgetPass" time="54.954"/>
  <system-out/>
</testsuite> <!-- io.automation.Forget_Password$Forget_Pass -->
